Determining if the function sgemm_ exists failed with the following output:
Change Dir: /home/gemit/Desktop/zed-hub-examples/tutorials/tutorial_02_live_stream_and_recording/cpp/build/CMakeFiles/CMakeTmp

Run Build Command(s):/usr/bin/make cmTC_05f9b/fast && /usr/bin/make -f CMakeFiles/cmTC_05f9b.dir/build.make CMakeFiles/cmTC_05f9b.dir/build
make[1]: Entering directory '/home/gemit/Desktop/zed-hub-examples/tutorials/tutorial_02_live_stream_and_recording/cpp/build/CMakeFiles/CMakeTmp'
Building C object CMakeFiles/cmTC_05f9b.dir/CheckFunctionExists.c.o
/usr/bin/cc   -DCHECK_FUNCTION_EXISTS=sgemm_   -o CMakeFiles/cmTC_05f9b.dir/CheckFunctionExists.c.o   -c /usr/share/cmake-3.16/Modules/CheckFunctionExists.c
Linking C executable cmTC_05f9b
/usr/bin/cmake -E cmake_link_script CMakeFiles/cmTC_05f9b.dir/link.txt --verbose=1
/usr/bin/cc  -DCHECK_FUNCTION_EXISTS=sgemm_    CMakeFiles/cmTC_05f9b.dir/CheckFunctionExists.c.o  -o cmTC_05f9b 
/usr/bin/ld: CMakeFiles/cmTC_05f9b.dir/CheckFunctionExists.c.o: in function `main':
CheckFunctionExists.c:(.text+0x10): undefined reference to `sgemm_'
collect2: error: ld returned 1 exit status
make[1]: *** [CMakeFiles/cmTC_05f9b.dir/build.make:87: cmTC_05f9b] Error 1
make[1]: Leaving directory '/home/gemit/Desktop/zed-hub-examples/tutorials/tutorial_02_live_stream_and_recording/cpp/build/CMakeFiles/CMakeTmp'
make: *** [Makefile:121: cmTC_05f9b/fast] Error 2



Performing C SOURCE FILE Test CMAKE_HAVE_LIBC_PTHREAD failed with the following output:
Change Dir: /home/gemit/Desktop/zed-hub-examples/tutorials/tutorial_02_live_stream_and_recording/cpp/build/CMakeFiles/CMakeTmp

Run Build Command(s):/usr/bin/make cmTC_a8970/fast && /usr/bin/make -f CMakeFiles/cmTC_a8970.dir/build.make CMakeFiles/cmTC_a8970.dir/build
make[1]: Entering directory '/home/gemit/Desktop/zed-hub-examples/tutorials/tutorial_02_live_stream_and_recording/cpp/build/CMakeFiles/CMakeTmp'
Building C object CMakeFiles/cmTC_a8970.dir/src.c.o
/usr/bin/cc   -DCMAKE_HAVE_LIBC_PTHREAD   -o CMakeFiles/cmTC_a8970.dir/src.c.o   -c /home/gemit/Desktop/zed-hub-examples/tutorials/tutorial_02_live_stream_and_recording/cpp/build/CMakeFiles/CMakeTmp/src.c
Linking C executable cmTC_a8970
/usr/bin/cmake -E cmake_link_script CMakeFiles/cmTC_a8970.dir/link.txt --verbose=1
/usr/bin/cc  -DCMAKE_HAVE_LIBC_PTHREAD    CMakeFiles/cmTC_a8970.dir/src.c.o  -o cmTC_a8970 
/usr/bin/ld: CMakeFiles/cmTC_a8970.dir/src.c.o: in function `main':
src.c:(.text+0x48): undefined reference to `pthread_create'
/usr/bin/ld: src.c:(.text+0x50): undefined reference to `pthread_detach'
/usr/bin/ld: src.c:(.text+0x5c): undefined reference to `pthread_join'
collect2: error: ld returned 1 exit status
make[1]: *** [CMakeFiles/cmTC_a8970.dir/build.make:87: cmTC_a8970] Error 1
make[1]: Leaving directory '/home/gemit/Desktop/zed-hub-examples/tutorials/tutorial_02_live_stream_and_recording/cpp/build/CMakeFiles/CMakeTmp'
make: *** [Makefile:121: cmTC_a8970/fast] Error 2


Source file was:
#include <pthread.h>

void* test_func(void* data)
{
  return data;
}

int main(void)
{
  pthread_t thread;
  pthread_create(&thread, NULL, test_func, NULL);
  pthread_detach(thread);
  pthread_join(thread, NULL);
  pthread_atfork(NULL, NULL, NULL);
  pthread_exit(NULL);

  return 0;
}

Determining if the function pthread_create exists in the pthreads failed with the following output:
Change Dir: /home/gemit/Desktop/zed-hub-examples/tutorials/tutorial_02_live_stream_and_recording/cpp/build/CMakeFiles/CMakeTmp

Run Build Command(s):/usr/bin/make cmTC_ea860/fast && /usr/bin/make -f CMakeFiles/cmTC_ea860.dir/build.make CMakeFiles/cmTC_ea860.dir/build
make[1]: Entering directory '/home/gemit/Desktop/zed-hub-examples/tutorials/tutorial_02_live_stream_and_recording/cpp/build/CMakeFiles/CMakeTmp'
Building C object CMakeFiles/cmTC_ea860.dir/CheckFunctionExists.c.o
/usr/bin/cc   -DCHECK_FUNCTION_EXISTS=pthread_create   -o CMakeFiles/cmTC_ea860.dir/CheckFunctionExists.c.o   -c /usr/share/cmake-3.16/Modules/CheckFunctionExists.c
Linking C executable cmTC_ea860
/usr/bin/cmake -E cmake_link_script CMakeFiles/cmTC_ea860.dir/link.txt --verbose=1
/usr/bin/cc  -DCHECK_FUNCTION_EXISTS=pthread_create    CMakeFiles/cmTC_ea860.dir/CheckFunctionExists.c.o  -o cmTC_ea860  -lpthreads 
/usr/bin/ld: cannot find -lpthreads
collect2: error: ld returned 1 exit status
make[1]: *** [CMakeFiles/cmTC_ea860.dir/build.make:87: cmTC_ea860] Error 1
make[1]: Leaving directory '/home/gemit/Desktop/zed-hub-examples/tutorials/tutorial_02_live_stream_and_recording/cpp/build/CMakeFiles/CMakeTmp'
make: *** [Makefile:121: cmTC_ea860/fast] Error 2



